<?xml version="1.0" encoding="UTF-8"?>
<testsuite xmlns:xsi="http://www.w3.org/2001/XMLSchema-instance" xsi:noNamespaceSchemaLocation="https://maven.apache.org/surefire/maven-surefire-plugin/xsd/surefire-test-report.xsd" name="testrunners.MyTestRunner" time="95.325" tests="1" errors="0" skipped="0" failures="1">
  <properties>
    <property name="sun.desktop" value="windows"/>
    <property name="awt.toolkit" value="sun.awt.windows.WToolkit"/>
    <property name="file.encoding.pkg" value="sun.io"/>
    <property name="java.specification.version" value="1.8"/>
    <property name="sun.cpu.isalist" value="pentium_pro+mmx pentium_pro pentium+mmx pentium i486 i386 i86"/>
    <property name="sun.jnu.encoding" value="Cp1252"/>
    <property name="java.class.path" value="C:\Users\NEW\eclipse-workspace\HybridFramework\target\test-classes;C:\Users\NEW\eclipse-workspace\HybridFramework\target\classes;C:\Users\NEW\.m2\repository\io\cucumber\cucumber-java\6.9.0\cucumber-java-6.9.0.jar;C:\Users\NEW\.m2\repository\io\cucumber\cucumber-core\6.9.0\cucumber-core-6.9.0.jar;C:\Users\NEW\.m2\repository\io\cucumber\cucumber-gherkin\6.9.0\cucumber-gherkin-6.9.0.jar;C:\Users\NEW\.m2\repository\io\cucumber\cucumber-gherkin-messages\6.9.0\cucumber-gherkin-messages-6.9.0.jar;C:\Users\NEW\.m2\repository\io\cucumber\messages\13.2.0\messages-13.2.0.jar;C:\Users\NEW\.m2\repository\io\cucumber\tag-expressions\3.0.0\tag-expressions-3.0.0.jar;C:\Users\NEW\.m2\repository\io\cucumber\cucumber-expressions\10.3.0\cucumber-expressions-10.3.0.jar;C:\Users\NEW\.m2\repository\io\cucumber\datatable\3.5.0\datatable-3.5.0.jar;C:\Users\NEW\.m2\repository\io\cucumber\cucumber-plugin\6.9.0\cucumber-plugin-6.9.0.jar;C:\Users\NEW\.m2\repository\io\cucumber\docstring\6.9.0\docstring-6.9.0.jar;C:\Users\NEW\.m2\repository\io\cucumber\html-formatter\9.0.0\html-formatter-9.0.0.jar;C:\Users\NEW\.m2\repository\io\cucumber\create-meta\2.0.4\create-meta-2.0.4.jar;C:\Users\NEW\.m2\repository\org\apiguardian\apiguardian-api\1.1.0\apiguardian-api-1.1.0.jar;C:\Users\NEW\.m2\repository\io\cucumber\cucumber-junit\6.9.0\cucumber-junit-6.9.0.jar;C:\Users\NEW\.m2\repository\junit\junit\4.13.1\junit-4.13.1.jar;C:\Users\NEW\.m2\repository\org\hamcrest\hamcrest-core\1.3\hamcrest-core-1.3.jar;C:\Users\NEW\.m2\repository\org\seleniumhq\selenium\selenium-java\3.141.59\selenium-java-3.141.59.jar;C:\Users\NEW\.m2\repository\org\seleniumhq\selenium\selenium-api\3.141.59\selenium-api-3.141.59.jar;C:\Users\NEW\.m2\repository\org\seleniumhq\selenium\selenium-chrome-driver\3.141.59\selenium-chrome-driver-3.141.59.jar;C:\Users\NEW\.m2\repository\org\seleniumhq\selenium\selenium-edge-driver\3.141.59\selenium-edge-driver-3.141.59.jar;C:\Users\NEW\.m2\repository\org\seleniumhq\selenium\selenium-firefox-driver\3.141.59\selenium-firefox-driver-3.141.59.jar;C:\Users\NEW\.m2\repository\org\seleniumhq\selenium\selenium-ie-driver\3.141.59\selenium-ie-driver-3.141.59.jar;C:\Users\NEW\.m2\repository\org\seleniumhq\selenium\selenium-opera-driver\3.141.59\selenium-opera-driver-3.141.59.jar;C:\Users\NEW\.m2\repository\org\seleniumhq\selenium\selenium-remote-driver\3.141.59\selenium-remote-driver-3.141.59.jar;C:\Users\NEW\.m2\repository\org\seleniumhq\selenium\selenium-safari-driver\3.141.59\selenium-safari-driver-3.141.59.jar;C:\Users\NEW\.m2\repository\org\seleniumhq\selenium\selenium-support\3.141.59\selenium-support-3.141.59.jar;C:\Users\NEW\.m2\repository\net\bytebuddy\byte-buddy\1.8.15\byte-buddy-1.8.15.jar;C:\Users\NEW\.m2\repository\org\apache\commons\commons-exec\1.3\commons-exec-1.3.jar;C:\Users\NEW\.m2\repository\com\google\guava\guava\25.0-jre\guava-25.0-jre.jar;C:\Users\NEW\.m2\repository\com\google\code\findbugs\jsr305\1.3.9\jsr305-1.3.9.jar;C:\Users\NEW\.m2\repository\org\checkerframework\checker-compat-qual\2.0.0\checker-compat-qual-2.0.0.jar;C:\Users\NEW\.m2\repository\com\google\errorprone\error_prone_annotations\2.1.3\error_prone_annotations-2.1.3.jar;C:\Users\NEW\.m2\repository\com\google\j2objc\j2objc-annotations\1.1\j2objc-annotations-1.1.jar;C:\Users\NEW\.m2\repository\org\codehaus\mojo\animal-sniffer-annotations\1.14\animal-sniffer-annotations-1.14.jar;C:\Users\NEW\.m2\repository\com\squareup\okhttp3\okhttp\3.11.0\okhttp-3.11.0.jar;C:\Users\NEW\.m2\repository\com\squareup\okio\okio\1.14.0\okio-1.14.0.jar;C:\Users\NEW\.m2\repository\io\github\bonigarcia\webdrivermanager\4.2.2\webdrivermanager-4.2.2.jar;C:\Users\NEW\.m2\repository\org\slf4j\slf4j-api\1.7.30\slf4j-api-1.7.30.jar;C:\Users\NEW\.m2\repository\commons-io\commons-io\2.8.0\commons-io-2.8.0.jar;C:\Users\NEW\.m2\repository\com\google\code\gson\gson\2.8.6\gson-2.8.6.jar;C:\Users\NEW\.m2\repository\org\apache\commons\commons-lang3\3.11\commons-lang3-3.11.jar;C:\Users\NEW\.m2\repository\org\apache\httpcomponents\client5\httpclient5\5.0.1\httpclient5-5.0.1.jar;C:\Users\NEW\.m2\repository\org\apache\httpcomponents\core5\httpcore5\5.0.1\httpcore5-5.0.1.jar;C:\Users\NEW\.m2\repository\org\apache\httpcomponents\core5\httpcore5-h2\5.0.1\httpcore5-h2-5.0.1.jar;C:\Users\NEW\.m2\repository\org\rauschig\jarchivelib\1.1.0\jarchivelib-1.1.0.jar;C:\Users\NEW\.m2\repository\org\jsoup\jsoup\1.13.1\jsoup-1.13.1.jar;C:\Users\NEW\.m2\repository\tech\grasshopper\extentreports-cucumber6-adapter\2.6.0\extentreports-cucumber6-adapter-2.6.0.jar;C:\Users\NEW\.m2\repository\com\aventstack\extentreports\5.0.5\extentreports-5.0.5.jar;C:\Users\NEW\.m2\repository\io\reactivex\rxjava3\rxjava\3.0.4\rxjava-3.0.4.jar;C:\Users\NEW\.m2\repository\org\reactivestreams\reactive-streams\1.0.3\reactive-streams-1.0.3.jar;C:\Users\NEW\.m2\repository\org\freemarker\freemarker\2.3.30\freemarker-2.3.30.jar;C:\Users\NEW\.m2\repository\org\projectlombok\lombok\1.18.12\lombok-1.18.12.jar;C:\Users\NEW\.m2\repository\tech\grasshopper\extent-pdf-report\1.5.0\extent-pdf-report-1.5.0.jar;C:\Users\NEW\.m2\repository\tech\grasshopper\cucumber-pdf-report\1.7.0\cucumber-pdf-report-1.7.0.jar;C:\Users\NEW\.m2\repository\org\knowm\xchart\xchart\3.6.5\xchart-3.6.5.jar;C:\Users\NEW\.m2\repository\de\erichseifert\vectorgraphics2d\VectorGraphics2D\0.13\VectorGraphics2D-0.13.jar;C:\Users\NEW\.m2\repository\de\rototor\pdfbox\graphics2d\0.27\graphics2d-0.27.jar;C:\Users\NEW\.m2\repository\com\madgag\animated-gif-lib\1.4\animated-gif-lib-1.4.jar;C:\Users\NEW\.m2\repository\com\github\vandeseer\easytable\0.7.1\easytable-0.7.1.jar;C:\Users\NEW\.m2\repository\org\yaml\snakeyaml\1.27\snakeyaml-1.27.jar;C:\Users\NEW\.m2\repository\com\aventstack\klov-reporter\5.0.5\klov-reporter-5.0.5.jar;C:\Users\NEW\.m2\repository\org\mongodb\bson\3.6.4\bson-3.6.4.jar;C:\Users\NEW\.m2\repository\org\apache\httpcomponents\httpclient\4.5.2\httpclient-4.5.2.jar;C:\Users\NEW\.m2\repository\org\apache\httpcomponents\httpcore\4.4.4\httpcore-4.4.4.jar;C:\Users\NEW\.m2\repository\org\apache\httpcomponents\httpmime\4.5.2\httpmime-4.5.2.jar;C:\Users\NEW\.m2\repository\org\mongodb\mongodb-driver\3.3.0\mongodb-driver-3.3.0.jar;C:\Users\NEW\.m2\repository\org\mongodb\mongodb-driver-core\3.3.0\mongodb-driver-core-3.3.0.jar;C:\Users\NEW\.m2\repository\org\testng\testng\6.14.3\testng-6.14.3.jar;C:\Users\NEW\.m2\repository\com\beust\jcommander\1.72\jcommander-1.72.jar;C:\Users\NEW\.m2\repository\org\apache-extras\beanshell\bsh\2.0b6\bsh-2.0b6.jar;C:\Users\NEW\.m2\repository\io\cucumber\cucumber-testng\6.9.0\cucumber-testng-6.9.0.jar;C:\Users\NEW\.m2\repository\org\apache\poi\poi\4.1.2\poi-4.1.2.jar;C:\Users\NEW\.m2\repository\commons-codec\commons-codec\1.13\commons-codec-1.13.jar;C:\Users\NEW\.m2\repository\org\apache\commons\commons-collections4\4.4\commons-collections4-4.4.jar;C:\Users\NEW\.m2\repository\org\apache\commons\commons-math3\3.6.1\commons-math3-3.6.1.jar;C:\Users\NEW\.m2\repository\com\zaxxer\SparseBitSet\1.2\SparseBitSet-1.2.jar;C:\Users\NEW\.m2\repository\org\apache\poi\poi-ooxml\4.1.2\poi-ooxml-4.1.2.jar;C:\Users\NEW\.m2\repository\org\apache\poi\poi-ooxml-schemas\4.1.2\poi-ooxml-schemas-4.1.2.jar;C:\Users\NEW\.m2\repository\org\apache\xmlbeans\xmlbeans\3.1.0\xmlbeans-3.1.0.jar;C:\Users\NEW\.m2\repository\org\apache\commons\commons-compress\1.19\commons-compress-1.19.jar;C:\Users\NEW\.m2\repository\com\github\virtuald\curvesapi\1.06\curvesapi-1.06.jar;C:\Users\NEW\.m2\repository\com\github\ralfstuckert\pdfbox-layout\pdfbox2-layout\0.8.6\pdfbox2-layout-0.8.6.jar;C:\Users\NEW\.m2\repository\org\apache\pdfbox\pdfbox\2.0.4\pdfbox-2.0.4.jar;C:\Users\NEW\.m2\repository\org\apache\pdfbox\fontbox\2.0.4\fontbox-2.0.4.jar;C:\Users\NEW\.m2\repository\commons-logging\commons-logging\1.2\commons-logging-1.2.jar;"/>
    <property name="java.vm.vendor" value="Oracle Corporation"/>
    <property name="sun.arch.data.model" value="32"/>
    <property name="user.variant" value=""/>
    <property name="java.vendor.url" value="http://java.oracle.com/"/>
    <property name="user.timezone" value="Asia/Calcutta"/>
    <property name="java.vm.specification.version" value="1.8"/>
    <property name="os.name" value="Windows 10"/>
    <property name="user.country" value="US"/>
    <property name="sun.java.launcher" value="SUN_STANDARD"/>
    <property name="sun.boot.library.path" value="C:\Program Files (x86)\Java\jre1.8.0_261\bin"/>
    <property name="sun.java.command" value="C:\Users\NEW\AppData\Local\Temp\surefire3712543207287467510\surefirebooter2648333266940112002.jar C:\Users\NEW\AppData\Local\Temp\surefire3712543207287467510 2021-07-26T15-15-58_019-jvmRun1 surefire4707641443749607912tmp surefire_08763120062811084035tmp"/>
    <property name="surefire.test.class.path" value="C:\Users\NEW\eclipse-workspace\HybridFramework\target\test-classes;C:\Users\NEW\eclipse-workspace\HybridFramework\target\classes;C:\Users\NEW\.m2\repository\io\cucumber\cucumber-java\6.9.0\cucumber-java-6.9.0.jar;C:\Users\NEW\.m2\repository\io\cucumber\cucumber-core\6.9.0\cucumber-core-6.9.0.jar;C:\Users\NEW\.m2\repository\io\cucumber\cucumber-gherkin\6.9.0\cucumber-gherkin-6.9.0.jar;C:\Users\NEW\.m2\repository\io\cucumber\cucumber-gherkin-messages\6.9.0\cucumber-gherkin-messages-6.9.0.jar;C:\Users\NEW\.m2\repository\io\cucumber\messages\13.2.0\messages-13.2.0.jar;C:\Users\NEW\.m2\repository\io\cucumber\tag-expressions\3.0.0\tag-expressions-3.0.0.jar;C:\Users\NEW\.m2\repository\io\cucumber\cucumber-expressions\10.3.0\cucumber-expressions-10.3.0.jar;C:\Users\NEW\.m2\repository\io\cucumber\datatable\3.5.0\datatable-3.5.0.jar;C:\Users\NEW\.m2\repository\io\cucumber\cucumber-plugin\6.9.0\cucumber-plugin-6.9.0.jar;C:\Users\NEW\.m2\repository\io\cucumber\docstring\6.9.0\docstring-6.9.0.jar;C:\Users\NEW\.m2\repository\io\cucumber\html-formatter\9.0.0\html-formatter-9.0.0.jar;C:\Users\NEW\.m2\repository\io\cucumber\create-meta\2.0.4\create-meta-2.0.4.jar;C:\Users\NEW\.m2\repository\org\apiguardian\apiguardian-api\1.1.0\apiguardian-api-1.1.0.jar;C:\Users\NEW\.m2\repository\io\cucumber\cucumber-junit\6.9.0\cucumber-junit-6.9.0.jar;C:\Users\NEW\.m2\repository\junit\junit\4.13.1\junit-4.13.1.jar;C:\Users\NEW\.m2\repository\org\hamcrest\hamcrest-core\1.3\hamcrest-core-1.3.jar;C:\Users\NEW\.m2\repository\org\seleniumhq\selenium\selenium-java\3.141.59\selenium-java-3.141.59.jar;C:\Users\NEW\.m2\repository\org\seleniumhq\selenium\selenium-api\3.141.59\selenium-api-3.141.59.jar;C:\Users\NEW\.m2\repository\org\seleniumhq\selenium\selenium-chrome-driver\3.141.59\selenium-chrome-driver-3.141.59.jar;C:\Users\NEW\.m2\repository\org\seleniumhq\selenium\selenium-edge-driver\3.141.59\selenium-edge-driver-3.141.59.jar;C:\Users\NEW\.m2\repository\org\seleniumhq\selenium\selenium-firefox-driver\3.141.59\selenium-firefox-driver-3.141.59.jar;C:\Users\NEW\.m2\repository\org\seleniumhq\selenium\selenium-ie-driver\3.141.59\selenium-ie-driver-3.141.59.jar;C:\Users\NEW\.m2\repository\org\seleniumhq\selenium\selenium-opera-driver\3.141.59\selenium-opera-driver-3.141.59.jar;C:\Users\NEW\.m2\repository\org\seleniumhq\selenium\selenium-remote-driver\3.141.59\selenium-remote-driver-3.141.59.jar;C:\Users\NEW\.m2\repository\org\seleniumhq\selenium\selenium-safari-driver\3.141.59\selenium-safari-driver-3.141.59.jar;C:\Users\NEW\.m2\repository\org\seleniumhq\selenium\selenium-support\3.141.59\selenium-support-3.141.59.jar;C:\Users\NEW\.m2\repository\net\bytebuddy\byte-buddy\1.8.15\byte-buddy-1.8.15.jar;C:\Users\NEW\.m2\repository\org\apache\commons\commons-exec\1.3\commons-exec-1.3.jar;C:\Users\NEW\.m2\repository\com\google\guava\guava\25.0-jre\guava-25.0-jre.jar;C:\Users\NEW\.m2\repository\com\google\code\findbugs\jsr305\1.3.9\jsr305-1.3.9.jar;C:\Users\NEW\.m2\repository\org\checkerframework\checker-compat-qual\2.0.0\checker-compat-qual-2.0.0.jar;C:\Users\NEW\.m2\repository\com\google\errorprone\error_prone_annotations\2.1.3\error_prone_annotations-2.1.3.jar;C:\Users\NEW\.m2\repository\com\google\j2objc\j2objc-annotations\1.1\j2objc-annotations-1.1.jar;C:\Users\NEW\.m2\repository\org\codehaus\mojo\animal-sniffer-annotations\1.14\animal-sniffer-annotations-1.14.jar;C:\Users\NEW\.m2\repository\com\squareup\okhttp3\okhttp\3.11.0\okhttp-3.11.0.jar;C:\Users\NEW\.m2\repository\com\squareup\okio\okio\1.14.0\okio-1.14.0.jar;C:\Users\NEW\.m2\repository\io\github\bonigarcia\webdrivermanager\4.2.2\webdrivermanager-4.2.2.jar;C:\Users\NEW\.m2\repository\org\slf4j\slf4j-api\1.7.30\slf4j-api-1.7.30.jar;C:\Users\NEW\.m2\repository\commons-io\commons-io\2.8.0\commons-io-2.8.0.jar;C:\Users\NEW\.m2\repository\com\google\code\gson\gson\2.8.6\gson-2.8.6.jar;C:\Users\NEW\.m2\repository\org\apache\commons\commons-lang3\3.11\commons-lang3-3.11.jar;C:\Users\NEW\.m2\repository\org\apache\httpcomponents\client5\httpclient5\5.0.1\httpclient5-5.0.1.jar;C:\Users\NEW\.m2\repository\org\apache\httpcomponents\core5\httpcore5\5.0.1\httpcore5-5.0.1.jar;C:\Users\NEW\.m2\repository\org\apache\httpcomponents\core5\httpcore5-h2\5.0.1\httpcore5-h2-5.0.1.jar;C:\Users\NEW\.m2\repository\org\rauschig\jarchivelib\1.1.0\jarchivelib-1.1.0.jar;C:\Users\NEW\.m2\repository\org\jsoup\jsoup\1.13.1\jsoup-1.13.1.jar;C:\Users\NEW\.m2\repository\tech\grasshopper\extentreports-cucumber6-adapter\2.6.0\extentreports-cucumber6-adapter-2.6.0.jar;C:\Users\NEW\.m2\repository\com\aventstack\extentreports\5.0.5\extentreports-5.0.5.jar;C:\Users\NEW\.m2\repository\io\reactivex\rxjava3\rxjava\3.0.4\rxjava-3.0.4.jar;C:\Users\NEW\.m2\repository\org\reactivestreams\reactive-streams\1.0.3\reactive-streams-1.0.3.jar;C:\Users\NEW\.m2\repository\org\freemarker\freemarker\2.3.30\freemarker-2.3.30.jar;C:\Users\NEW\.m2\repository\org\projectlombok\lombok\1.18.12\lombok-1.18.12.jar;C:\Users\NEW\.m2\repository\tech\grasshopper\extent-pdf-report\1.5.0\extent-pdf-report-1.5.0.jar;C:\Users\NEW\.m2\repository\tech\grasshopper\cucumber-pdf-report\1.7.0\cucumber-pdf-report-1.7.0.jar;C:\Users\NEW\.m2\repository\org\knowm\xchart\xchart\3.6.5\xchart-3.6.5.jar;C:\Users\NEW\.m2\repository\de\erichseifert\vectorgraphics2d\VectorGraphics2D\0.13\VectorGraphics2D-0.13.jar;C:\Users\NEW\.m2\repository\de\rototor\pdfbox\graphics2d\0.27\graphics2d-0.27.jar;C:\Users\NEW\.m2\repository\com\madgag\animated-gif-lib\1.4\animated-gif-lib-1.4.jar;C:\Users\NEW\.m2\repository\com\github\vandeseer\easytable\0.7.1\easytable-0.7.1.jar;C:\Users\NEW\.m2\repository\org\yaml\snakeyaml\1.27\snakeyaml-1.27.jar;C:\Users\NEW\.m2\repository\com\aventstack\klov-reporter\5.0.5\klov-reporter-5.0.5.jar;C:\Users\NEW\.m2\repository\org\mongodb\bson\3.6.4\bson-3.6.4.jar;C:\Users\NEW\.m2\repository\org\apache\httpcomponents\httpclient\4.5.2\httpclient-4.5.2.jar;C:\Users\NEW\.m2\repository\org\apache\httpcomponents\httpcore\4.4.4\httpcore-4.4.4.jar;C:\Users\NEW\.m2\repository\org\apache\httpcomponents\httpmime\4.5.2\httpmime-4.5.2.jar;C:\Users\NEW\.m2\repository\org\mongodb\mongodb-driver\3.3.0\mongodb-driver-3.3.0.jar;C:\Users\NEW\.m2\repository\org\mongodb\mongodb-driver-core\3.3.0\mongodb-driver-core-3.3.0.jar;C:\Users\NEW\.m2\repository\org\testng\testng\6.14.3\testng-6.14.3.jar;C:\Users\NEW\.m2\repository\com\beust\jcommander\1.72\jcommander-1.72.jar;C:\Users\NEW\.m2\repository\org\apache-extras\beanshell\bsh\2.0b6\bsh-2.0b6.jar;C:\Users\NEW\.m2\repository\io\cucumber\cucumber-testng\6.9.0\cucumber-testng-6.9.0.jar;C:\Users\NEW\.m2\repository\org\apache\poi\poi\4.1.2\poi-4.1.2.jar;C:\Users\NEW\.m2\repository\commons-codec\commons-codec\1.13\commons-codec-1.13.jar;C:\Users\NEW\.m2\repository\org\apache\commons\commons-collections4\4.4\commons-collections4-4.4.jar;C:\Users\NEW\.m2\repository\org\apache\commons\commons-math3\3.6.1\commons-math3-3.6.1.jar;C:\Users\NEW\.m2\repository\com\zaxxer\SparseBitSet\1.2\SparseBitSet-1.2.jar;C:\Users\NEW\.m2\repository\org\apache\poi\poi-ooxml\4.1.2\poi-ooxml-4.1.2.jar;C:\Users\NEW\.m2\repository\org\apache\poi\poi-ooxml-schemas\4.1.2\poi-ooxml-schemas-4.1.2.jar;C:\Users\NEW\.m2\repository\org\apache\xmlbeans\xmlbeans\3.1.0\xmlbeans-3.1.0.jar;C:\Users\NEW\.m2\repository\org\apache\commons\commons-compress\1.19\commons-compress-1.19.jar;C:\Users\NEW\.m2\repository\com\github\virtuald\curvesapi\1.06\curvesapi-1.06.jar;C:\Users\NEW\.m2\repository\com\github\ralfstuckert\pdfbox-layout\pdfbox2-layout\0.8.6\pdfbox2-layout-0.8.6.jar;C:\Users\NEW\.m2\repository\org\apache\pdfbox\pdfbox\2.0.4\pdfbox-2.0.4.jar;C:\Users\NEW\.m2\repository\org\apache\pdfbox\fontbox\2.0.4\fontbox-2.0.4.jar;C:\Users\NEW\.m2\repository\commons-logging\commons-logging\1.2\commons-logging-1.2.jar;"/>
    <property name="sun.cpu.endian" value="little"/>
    <property name="user.home" value="C:\Users\NEW"/>
    <property name="user.language" value="en"/>
    <property name="java.specification.vendor" value="Oracle Corporation"/>
    <property name="java.home" value="C:\Program Files (x86)\Java\jre1.8.0_261"/>
    <property name="basedir" value="C:\Users\NEW\eclipse-workspace\HybridFramework"/>
    <property name="file.separator" value="\"/>
    <property name="line.separator" value="&#10;"/>
    <property name="java.vm.specification.vendor" value="Oracle Corporation"/>
    <property name="java.specification.name" value="Java Platform API Specification"/>
    <property name="java.awt.graphicsenv" value="sun.awt.Win32GraphicsEnvironment"/>
    <property name="surefire.real.class.path" value="C:\Users\NEW\AppData\Local\Temp\surefire3712543207287467510\surefirebooter2648333266940112002.jar"/>
    <property name="sun.boot.class.path" value="C:\Program Files (x86)\Java\jre1.8.0_261\lib\resources.jar;C:\Program Files (x86)\Java\jre1.8.0_261\lib\rt.jar;C:\Program Files (x86)\Java\jre1.8.0_261\lib\sunrsasign.jar;C:\Program Files (x86)\Java\jre1.8.0_261\lib\jsse.jar;C:\Program Files (x86)\Java\jre1.8.0_261\lib\jce.jar;C:\Program Files (x86)\Java\jre1.8.0_261\lib\charsets.jar;C:\Program Files (x86)\Java\jre1.8.0_261\lib\jfr.jar;C:\Program Files (x86)\Java\jre1.8.0_261\classes"/>
    <property name="user.script" value=""/>
    <property name="sun.management.compiler" value="HotSpot Client Compiler"/>
    <property name="java.runtime.version" value="1.8.0_261-b12"/>
    <property name="user.name" value="NEW"/>
    <property name="path.separator" value=";"/>
    <property name="os.version" value="10.0"/>
    <property name="java.endorsed.dirs" value="C:\Program Files (x86)\Java\jre1.8.0_261\lib\endorsed"/>
    <property name="java.runtime.name" value="Java(TM) SE Runtime Environment"/>
    <property name="file.encoding" value="Cp1252"/>
    <property name="java.vm.name" value="Java HotSpot(TM) Client VM"/>
    <property name="localRepository" value="C:\Users\NEW\.m2\repository"/>
    <property name="java.vendor.url.bug" value="http://bugreport.sun.com/bugreport/"/>
    <property name="java.io.tmpdir" value="C:\Users\NEW\AppData\Local\Temp\"/>
    <property name="java.version" value="1.8.0_261"/>
    <property name="user.dir" value="C:\Users\NEW\eclipse-workspace\HybridFramework"/>
    <property name="os.arch" value="x86"/>
    <property name="java.vm.specification.name" value="Java Virtual Machine Specification"/>
    <property name="java.awt.printerjob" value="sun.awt.windows.WPrinterJob"/>
    <property name="sun.os.patch.level" value=""/>
    <property name="java.library.path" value="C:\Program Files (x86)\Java\jre1.8.0_261\bin;C:\WINDOWS\Sun\Java\bin;C:\WINDOWS\system32;C:\WINDOWS;C:\oraclexe\app\oracle\product\11.2.0\server\bin;C:\Program Files (x86)\Common Files\Oracle\Java\javapath;C:\WINDOWS\system32;C:\WINDOWS;C:\WINDOWS\System32\Wbem;C:\WINDOWS\System32\WindowsPowerShell\v1.0\;C:\WINDOWS\System32\OpenSSH\;C:\Program Files\Microsoft SQL Server\Client SDK\ODBC\170\Tools\Binn\;C:\Program Files (x86)\Microsoft SQL Server\150\Tools\Binn\;C:\Program Files\Microsoft SQL Server\150\Tools\Binn\;C:\Program Files\Microsoft SQL Server\150\DTS\Binn\;C:\Program Files\Microsoft SQL Server\Client SDK\ODBC\110\Tools\Binn\;C:\Program Files (x86)\Microsoft SQL Server\120\Tools\Binn\;C:\Program Files\Microsoft SQL Server\120\Tools\Binn\;C:\Program Files\Microsoft SQL Server\120\DTS\Binn\;C:\Program Files (x86)\Microsoft SQL Server\120\Tools\Binn\ManagementStudio\;C:\Program Files (x86)\Microsoft SQL Server\120\DTS\Binn\;C:\python3.9;C:\pyhton3.9\Scripts;C:\pyhton3.9\DLLs;C:\pyhton3.9\Lib;C:\pyhton3.9\libs;C:\Program Files\Git\cmd;C:\python\Scripts\;C:\python\;C:\Users\NEW\AppData\Local\Microsoft\WindowsApps;C:\Program Files\JetBrains\PyCharm Community Edition 2021.1.2\bin;;C:\apache-maven-3.8.1\bin;;."/>
    <property name="java.vm.info" value="mixed mode"/>
    <property name="java.vendor" value="Oracle Corporation"/>
    <property name="java.vm.version" value="25.261-b12"/>
    <property name="java.ext.dirs" value="C:\Program Files (x86)\Java\jre1.8.0_261\lib\ext;C:\WINDOWS\Sun\Java\lib\ext"/>
    <property name="sun.io.unicode.encoding" value="UnicodeLittle"/>
    <property name="java.class.version" value="52.0"/>
  </properties>
  <testcase name="null on testrunners.MyTestRunner" classname="testrunners.MyTestRunner" time="94.818">
    <failure message="Justify" type="java.lang.NoSuchFieldError">java.lang.NoSuchFieldError: Justify
</failure>
    <system-out><![CDATA[
Scenario: Account Page title Test                   &amp#27;[90m# src/test/resources/com/features/AccountsPage.feature:9&amp#27;[0m
browser value is :chrome
  &amp#27;[32mGiven &amp#27;[0m&amp#27;[32mUser has already logged in to Application&amp#27;[0m   &amp#27;[90m# stepdefinitions.AccountsPagesteps.user_has_already_logged_in_to_application(io.cucumber.datatable.DataTable)&amp#27;[0m
  &amp#27;[32mGiven &amp#27;[0m&amp#27;[32mUser is on the Account Page&amp#27;[0m                 &amp#27;[90m# stepdefinitions.AccountsPagesteps.user_is_on_the_account_page()&amp#27;[0m
page title is :My account - My Store
  &amp#27;[32mThen &amp#27;[0m&amp#27;[32mUser gets the title of the page&amp#27;[0m              &amp#27;[90m# stepdefinitions.LoginPageSteps.user_gets_the_title_of_the_page()&amp#27;[0m
  &amp#27;[32mThen &amp#27;[0m&amp#27;[32mPage title should be &amp#27;[0m&amp#27;[32m&amp#27;[1m"My account - My Store"&amp#27;[0m &amp#27;[90m# stepdefinitions.LoginPageSteps.page_title_should_be(java.lang.String)&amp#27;[0m

Scenario: Account section count test              &amp#27;[90m# src/test/resources/com/features/AccountsPage.feature:15&amp#27;[0m
browser value is :chrome
  &amp#27;[32mGiven &amp#27;[0m&amp#27;[32mUser has already logged in to Application&amp#27;[0m &amp#27;[90m# stepdefinitions.AccountsPagesteps.user_has_already_logged_in_to_application(io.cucumber.datatable.DataTable)&amp#27;[0m
  &amp#27;[32mGiven &amp#27;[0m&amp#27;[32mUser is on the Account Page&amp#27;[0m               &amp#27;[90m# stepdefinitions.AccountsPagesteps.user_is_on_the_account_page()&amp#27;[0m
Expected Account Section List : -[ORDER HISTORY AND DETAILS, MY CREDIT SLIPS, MY ADDRESSES, MY PERSONAL INFORMATION, MY WISHLISTS, Home]
ORDER HISTORY AND DETAILS
MY CREDIT SLIPS
MY ADDRESSES
MY PERSONAL INFORMATION
MY WISHLISTS
Home
actual Account Section List : -[ORDER HISTORY AND DETAILS, MY CREDIT SLIPS, MY ADDRESSES, MY PERSONAL INFORMATION, MY WISHLISTS, Home]
  &amp#27;[32mThen &amp#27;[0m&amp#27;[32mUser gets the account section&amp#27;[0m              &amp#27;[90m# stepdefinitions.AccountsPagesteps.user_gets_the_account_section(io.cucumber.datatable.DataTable)&amp#27;[0m
  &amp#27;[32mAnd &amp#27;[0m&amp#27;[32mAccount section count should be &amp#27;[0m&amp#27;[32m&amp#27;[1m6&amp#27;[0m           &amp#27;[90m# stepdefinitions.AccountsPagesteps.account_section_count_should_be(java.lang.Integer)&amp#27;[0m

Scenario: Login Page Title Test                &amp#27;[90m# src/test/resources/com/features/LoginPage.feature:4&amp#27;[0m
browser value is :chrome
  &amp#27;[32mGiven &amp#27;[0m&amp#27;[32mUser is on the Login Page&amp#27;[0m              &amp#27;[90m# stepdefinitions.LoginPageSteps.user_is_on_the_login_page()&amp#27;[0m
page title is :Login - My Store
  &amp#27;[32mWhen &amp#27;[0m&amp#27;[32mUser gets the title of the page&amp#27;[0m         &amp#27;[90m# stepdefinitions.LoginPageSteps.user_gets_the_title_of_the_page()&amp#27;[0m
  &amp#27;[32mThen &amp#27;[0m&amp#27;[32mPage title should be &amp#27;[0m&amp#27;[32m&amp#27;[1m"Login - My Store"&amp#27;[0m &amp#27;[90m# stepdefinitions.LoginPageSteps.page_title_should_be(java.lang.String)&amp#27;[0m

Scenario: Forgot Password Link Check            &amp#27;[90m# src/test/resources/com/features/LoginPage.feature:9&amp#27;[0m
browser value is :chrome
  &amp#27;[32mGiven &amp#27;[0m&amp#27;[32mUser is on the Login Page&amp#27;[0m               &amp#27;[90m# stepdefinitions.LoginPageSteps.user_is_on_the_login_page()&amp#27;[0m
  &amp#27;[32mWhen &amp#27;[0m&amp#27;[32mForgot Password link should be displayed&amp#27;[0m &amp#27;[90m# stepdefinitions.LoginPageSteps.forgot_password_link_should_be_displayed()&amp#27;[0m

Scenario: Login with Correct Credentials                        &amp#27;[90m# src/test/resources/com/features/LoginPage.feature:13&amp#27;[0m
browser value is :chrome
  &amp#27;[32mGiven &amp#27;[0m&amp#27;[32mUser is on the Login Page&amp#27;[0m                               &amp#27;[90m# stepdefinitions.LoginPageSteps.user_is_on_the_login_page()&amp#27;[0m
  &amp#27;[32mWhen &amp#27;[0m&amp#27;[32mUser enters the username &amp#27;[0m&amp#27;[32m&amp#27;[1m"Sarthak.Singhal8723@gmail.com"&amp#27;[0m &amp#27;[90m# stepdefinitions.LoginPageSteps.user_enters_the_username(java.lang.String)&amp#27;[0m
  &amp#27;[32mAnd &amp#27;[0m&amp#27;[32mUser enters the password &amp#27;[0m&amp#27;[32m&amp#27;[1m"Sarthak@87"&amp#27;[0m                     &amp#27;[90m# stepdefinitions.LoginPageSteps.user_enters_the_password(java.lang.String)&amp#27;[0m
  &amp#27;[32mAnd &amp#27;[0m&amp#27;[32mUser clicks on the Login button&amp#27;[0m                           &amp#27;[90m# stepdefinitions.LoginPageSteps.user_clicks_on_the_login_button()&amp#27;[0m
page title is :My account - My Store
  &amp#27;[32mThen &amp#27;[0m&amp#27;[32mUser gets the title of the page&amp#27;[0m                          &amp#27;[90m# stepdefinitions.LoginPageSteps.user_gets_the_title_of_the_page()&amp#27;[0m
  &amp#27;[32mAnd &amp#27;[0m&amp#27;[32mPage title should be &amp#27;[0m&amp#27;[32m&amp#27;[1m"My account - My Store"&amp#27;[0m              &amp#27;[90m# stepdefinitions.LoginPageSteps.page_title_should_be(java.lang.String)&amp#27;[0m
]]></system-out>
    <system-err><![CDATA[SLF4J: Failed to load class "org.slf4j.impl.StaticLoggerBinder".
SLF4J: Defaulting to no-operation (NOP) logger implementation
SLF4J: See http://www.slf4j.org/codes.html#StaticLoggerBinder for further details.
Starting ChromeDriver 91.0.4472.101 (af52a90bf87030dd1523486a1cd3ae25c5d76c9b-refs/branch-heads/4472@{#1462}) on port 9275
Only local connections are allowed.
Please see https://chromedriver.chromium.org/security-considerations for suggestions on keeping ChromeDriver safe.
ChromeDriver was started successfully.
Jul 26, 2021 3:16:11 PM org.openqa.selenium.remote.ProtocolHandshake createSession
INFO: Detected dialect: W3C
Starting ChromeDriver 91.0.4472.101 (af52a90bf87030dd1523486a1cd3ae25c5d76c9b-refs/branch-heads/4472@{#1462}) on port 33975
Only local connections are allowed.
Please see https://chromedriver.chromium.org/security-considerations for suggestions on keeping ChromeDriver safe.
ChromeDriver was started successfully.
Jul 26, 2021 3:16:30 PM org.openqa.selenium.remote.ProtocolHandshake createSession
INFO: Detected dialect: W3C
Starting ChromeDriver 91.0.4472.101 (af52a90bf87030dd1523486a1cd3ae25c5d76c9b-refs/branch-heads/4472@{#1462}) on port 38023
Only local connections are allowed.
Please see https://chromedriver.chromium.org/security-considerations for suggestions on keeping ChromeDriver safe.
ChromeDriver was started successfully.
Jul 26, 2021 3:16:48 PM org.openqa.selenium.remote.ProtocolHandshake createSession
INFO: Detected dialect: W3C
Starting ChromeDriver 91.0.4472.101 (af52a90bf87030dd1523486a1cd3ae25c5d76c9b-refs/branch-heads/4472@{#1462}) on port 15870
Only local connections are allowed.
Please see https://chromedriver.chromium.org/security-considerations for suggestions on keeping ChromeDriver safe.
ChromeDriver was started successfully.
Jul 26, 2021 3:17:00 PM org.openqa.selenium.remote.ProtocolHandshake createSession
INFO: Detected dialect: W3C
Starting ChromeDriver 91.0.4472.101 (af52a90bf87030dd1523486a1cd3ae25c5d76c9b-refs/branch-heads/4472@{#1462}) on port 38683
Only local connections are allowed.
Please see https://chromedriver.chromium.org/security-considerations for suggestions on keeping ChromeDriver safe.
ChromeDriver was started successfully.
Jul 26, 2021 3:17:12 PM org.openqa.selenium.remote.ProtocolHandshake createSession
INFO: Detected dialect: W3C
Jul 26, 2021 3:17:34 PM tech.grasshopper.pdf.PDFCucumberReport collectReportConfiguration
INFO: PDF report configuration not found. Using default settings.
]]></system-err>
  </testcase>
</testsuite>